[2025-11-28T07:13:28.293+0000] {manager.py:483} INFO - Processing files using up to 2 processes at a time 
[2025-11-28T07:13:28.293+0000] {manager.py:484} INFO - Process each file at most once every 30 seconds
[2025-11-28T07:13:28.294+0000] {manager.py:485} INFO - Checking for new files in /opt/airflow/dags every 300 seconds
[2025-11-28T07:13:28.295+0000] {manager.py:821} INFO - Searching for files in /opt/airflow/dags
[2025-11-28T07:13:28.313+0000] {manager.py:824} INFO - There are 1 files in /opt/airflow/dags
[2025-11-28T07:13:28.369+0000] {manager.py:997} INFO - 
================================================================================
DAG File Processing Stats

File Path                           PID  Runtime      # DAGs    # Errors  Last Runtime    Last Run      Last # of DB Queries
--------------------------------  -----  ---------  --------  ----------  --------------  ----------  ----------------------
/opt/airflow/dags/testAirflow.py     41  0.02s             0           0                                                   0
================================================================================
[2025-11-28T07:13:57.575+0000] {manager.py:997} INFO - 
================================================================================
DAG File Processing Stats

File Path                         PID    Runtime      # DAGs    # Errors  Last Runtime    Last Run               Last # of DB Queries
--------------------------------  -----  ---------  --------  ----------  --------------  -------------------  ----------------------
/opt/airflow/dags/testAirflow.py                           1           0  0.46s           2025-11-28T07:13:28                      43
================================================================================
[2025-11-28T07:14:27.114+0000] {manager.py:997} INFO - 
================================================================================
DAG File Processing Stats

File Path                         PID    Runtime      # DAGs    # Errors  Last Runtime    Last Run               Last # of DB Queries
--------------------------------  -----  ---------  --------  ----------  --------------  -------------------  ----------------------
/opt/airflow/dags/testAirflow.py                           1           0  -0.33s          2025-11-28T07:13:58                      10
================================================================================
[2025-11-28T07:14:56.489+0000] {manager.py:997} INFO - 
================================================================================
DAG File Processing Stats

File Path                         PID    Runtime      # DAGs    # Errors  Last Runtime    Last Run               Last # of DB Queries
--------------------------------  -----  ---------  --------  ----------  --------------  -------------------  ----------------------
/opt/airflow/dags/testAirflow.py                           1           0  0.47s           2025-11-28T07:14:29                      10
================================================================================
[2025-11-28T07:15:25.371+0000] {manager.py:997} INFO - 
================================================================================
DAG File Processing Stats

File Path                         PID    Runtime      # DAGs    # Errors  Last Runtime    Last Run               Last # of DB Queries
--------------------------------  -----  ---------  --------  ----------  --------------  -------------------  ----------------------
/opt/airflow/dags/testAirflow.py                           1           0  0.17s           2025-11-28T07:14:59                      10
================================================================================
[2025-11-28T07:15:54.181+0000] {manager.py:997} INFO - 
================================================================================
DAG File Processing Stats

File Path                         PID    Runtime      # DAGs    # Errors  Last Runtime    Last Run               Last # of DB Queries
--------------------------------  -----  ---------  --------  ----------  --------------  -------------------  ----------------------
/opt/airflow/dags/testAirflow.py                           1           0  0.14s           2025-11-28T07:15:30                      10
================================================================================
[2025-11-28T07:16:23.338+0000] {manager.py:997} INFO - 
================================================================================
DAG File Processing Stats

File Path                         PID    Runtime      # DAGs    # Errors  Last Runtime    Last Run               Last # of DB Queries
--------------------------------  -----  ---------  --------  ----------  --------------  -------------------  ----------------------
/opt/airflow/dags/testAirflow.py                           1           0  0.12s           2025-11-28T07:16:00                      10
================================================================================
[2025-11-28T07:16:52.575+0000] {manager.py:997} INFO - 
================================================================================
DAG File Processing Stats

File Path                         PID    Runtime      # DAGs    # Errors  Last Runtime    Last Run               Last # of DB Queries
--------------------------------  -----  ---------  --------  ----------  --------------  -------------------  ----------------------
/opt/airflow/dags/testAirflow.py                           1           0  0.13s           2025-11-28T07:16:30                      10
================================================================================
[2025-11-28T07:17:21.382+0000] {manager.py:465} INFO - Exiting gracefully upon receiving signal 15
[2025-11-28T07:17:54.053+0000] {manager.py:483} INFO - Processing files using up to 2 processes at a time 
[2025-11-28T07:17:54.054+0000] {manager.py:484} INFO - Process each file at most once every 30 seconds
[2025-11-28T07:17:54.054+0000] {manager.py:485} INFO - Checking for new files in /opt/airflow/dags every 300 seconds
[2025-11-28T07:17:54.055+0000] {manager.py:821} INFO - Searching for files in /opt/airflow/dags
[2025-11-28T07:17:54.072+0000] {manager.py:824} INFO - There are 1 files in /opt/airflow/dags
[2025-11-28T07:17:54.154+0000] {manager.py:997} INFO - 
================================================================================
DAG File Processing Stats

File Path                           PID  Runtime      # DAGs    # Errors  Last Runtime    Last Run      Last # of DB Queries
--------------------------------  -----  ---------  --------  ----------  --------------  ----------  ----------------------
/opt/airflow/dags/testAirflow.py     41  0.03s             0           0                                                   0
================================================================================
[2025-11-28T07:18:23.275+0000] {manager.py:997} INFO - 
================================================================================
DAG File Processing Stats

File Path                         PID    Runtime      # DAGs    # Errors  Last Runtime    Last Run               Last # of DB Queries
--------------------------------  -----  ---------  --------  ----------  --------------  -------------------  ----------------------
/opt/airflow/dags/testAirflow.py                           1           0  0.16s           2025-11-28T07:17:54                      10
================================================================================
[2025-11-28T07:18:52.545+0000] {manager.py:997} INFO - 
================================================================================
DAG File Processing Stats

File Path                         PID    Runtime      # DAGs    # Errors  Last Runtime    Last Run               Last # of DB Queries
--------------------------------  -----  ---------  --------  ----------  --------------  -------------------  ----------------------
/opt/airflow/dags/testAirflow.py                           1           0  0.22s           2025-11-28T07:18:24                      10
================================================================================
[2025-11-28T07:19:21.794+0000] {manager.py:997} INFO - 
================================================================================
DAG File Processing Stats

File Path                         PID    Runtime      # DAGs    # Errors  Last Runtime    Last Run               Last # of DB Queries
--------------------------------  -----  ---------  --------  ----------  --------------  -------------------  ----------------------
/opt/airflow/dags/testAirflow.py                           1           0  0.20s           2025-11-28T07:18:54                      10
================================================================================
[2025-11-28T07:19:51.074+0000] {manager.py:997} INFO - 
================================================================================
DAG File Processing Stats

File Path                         PID    Runtime      # DAGs    # Errors  Last Runtime    Last Run               Last # of DB Queries
--------------------------------  -----  ---------  --------  ----------  --------------  -------------------  ----------------------
/opt/airflow/dags/testAirflow.py                           1           0  0.12s           2025-11-28T07:19:24                      10
================================================================================
[2025-11-28T07:20:20.273+0000] {manager.py:997} INFO - 
================================================================================
DAG File Processing Stats

File Path                         PID    Runtime      # DAGs    # Errors  Last Runtime    Last Run               Last # of DB Queries
--------------------------------  -----  ---------  --------  ----------  --------------  -------------------  ----------------------
/opt/airflow/dags/testAirflow.py                           1           0  0.19s           2025-11-28T07:19:55                      10
================================================================================
[2025-11-28T07:20:49.752+0000] {manager.py:997} INFO - 
================================================================================
DAG File Processing Stats

File Path                         PID    Runtime      # DAGs    # Errors  Last Runtime    Last Run               Last # of DB Queries
--------------------------------  -----  ---------  --------  ----------  --------------  -------------------  ----------------------
/opt/airflow/dags/testAirflow.py                           1           0  0.12s           2025-11-28T07:20:25                      10
================================================================================
[2025-11-28T07:21:19.003+0000] {manager.py:997} INFO - 
================================================================================
DAG File Processing Stats

File Path                         PID    Runtime      # DAGs    # Errors  Last Runtime    Last Run               Last # of DB Queries
--------------------------------  -----  ---------  --------  ----------  --------------  -------------------  ----------------------
/opt/airflow/dags/testAirflow.py                           1           0  0.10s           2025-11-28T07:20:55                      10
================================================================================
[2025-11-28T07:21:48.293+0000] {manager.py:997} INFO - 
================================================================================
DAG File Processing Stats

File Path                         PID    Runtime      # DAGs    # Errors  Last Runtime    Last Run               Last # of DB Queries
--------------------------------  -----  ---------  --------  ----------  --------------  -------------------  ----------------------
/opt/airflow/dags/testAirflow.py                           1           0  0.13s           2025-11-28T07:21:26                      10
================================================================================
[2025-11-28T07:22:17.532+0000] {manager.py:997} INFO - 
================================================================================
DAG File Processing Stats

File Path                         PID    Runtime      # DAGs    # Errors  Last Runtime    Last Run               Last # of DB Queries
--------------------------------  -----  ---------  --------  ----------  --------------  -------------------  ----------------------
/opt/airflow/dags/testAirflow.py                           1           0  0.10s           2025-11-28T07:21:56                      10
================================================================================
[2025-11-28T07:22:46.822+0000] {manager.py:997} INFO - 
================================================================================
DAG File Processing Stats

File Path                         PID    Runtime      # DAGs    # Errors  Last Runtime    Last Run               Last # of DB Queries
--------------------------------  -----  ---------  --------  ----------  --------------  -------------------  ----------------------
/opt/airflow/dags/testAirflow.py                           1           0  0.10s           2025-11-28T07:22:26                      10
================================================================================
[2025-11-28T07:22:54.893+0000] {manager.py:821} INFO - Searching for files in /opt/airflow/dags
[2025-11-28T07:22:54.916+0000] {manager.py:824} INFO - There are 1 files in /opt/airflow/dags
[2025-11-28T07:23:16.056+0000] {manager.py:997} INFO - 
================================================================================
DAG File Processing Stats

File Path                         PID    Runtime      # DAGs    # Errors  Last Runtime    Last Run               Last # of DB Queries
--------------------------------  -----  ---------  --------  ----------  --------------  -------------------  ----------------------
/opt/airflow/dags/testAirflow.py                           1           0  0.96s           2025-11-28T07:22:57                      10
================================================================================
[2025-11-28T07:23:45.315+0000] {manager.py:997} INFO - 
================================================================================
DAG File Processing Stats

File Path                         PID    Runtime      # DAGs    # Errors  Last Runtime    Last Run               Last # of DB Queries
--------------------------------  -----  ---------  --------  ----------  --------------  -------------------  ----------------------
/opt/airflow/dags/testAirflow.py                           1           0  0.39s           2025-11-28T07:23:28                      10
================================================================================
[2025-11-28T07:24:14.933+0000] {manager.py:997} INFO - 
================================================================================
DAG File Processing Stats

File Path                         PID    Runtime      # DAGs    # Errors  Last Runtime    Last Run               Last # of DB Queries
--------------------------------  -----  ---------  --------  ----------  --------------  -------------------  ----------------------
/opt/airflow/dags/testAirflow.py                           1           0  0.10s           2025-11-28T07:23:58                      10
================================================================================
[2025-11-28T07:24:44.190+0000] {manager.py:997} INFO - 
================================================================================
DAG File Processing Stats

File Path                         PID    Runtime      # DAGs    # Errors  Last Runtime    Last Run               Last # of DB Queries
--------------------------------  -----  ---------  --------  ----------  --------------  -------------------  ----------------------
/opt/airflow/dags/testAirflow.py                           1           0  0.11s           2025-11-28T07:24:29                      10
================================================================================
[2025-11-28T07:25:13.264+0000] {manager.py:997} INFO - 
================================================================================
DAG File Processing Stats

File Path                         PID    Runtime      # DAGs    # Errors  Last Runtime    Last Run               Last # of DB Queries
--------------------------------  -----  ---------  --------  ----------  --------------  -------------------  ----------------------
/opt/airflow/dags/testAirflow.py                           1           0  0.08s           2025-11-28T07:25:10                       9
================================================================================
[2025-11-28T07:25:42.334+0000] {manager.py:997} INFO - 
================================================================================
DAG File Processing Stats

File Path                         PID    Runtime      # DAGs    # Errors  Last Runtime    Last Run               Last # of DB Queries
--------------------------------  -----  ---------  --------  ----------  --------------  -------------------  ----------------------
/opt/airflow/dags/testAirflow.py                           1           0  0.10s           2025-11-28T07:25:35                       9
================================================================================
[2025-11-28T07:26:11.595+0000] {manager.py:997} INFO - 
================================================================================
DAG File Processing Stats

File Path                         PID    Runtime      # DAGs    # Errors  Last Runtime    Last Run               Last # of DB Queries
--------------------------------  -----  ---------  --------  ----------  --------------  -------------------  ----------------------
/opt/airflow/dags/testAirflow.py                           1           0  0.28s           2025-11-28T07:26:05                      32
================================================================================
[2025-11-28T07:26:41.122+0000] {manager.py:997} INFO - 
================================================================================
DAG File Processing Stats

File Path                         PID    Runtime      # DAGs    # Errors  Last Runtime    Last Run               Last # of DB Queries
--------------------------------  -----  ---------  --------  ----------  --------------  -------------------  ----------------------
/opt/airflow/dags/testAirflow.py                           1           0  0.10s           2025-11-28T07:26:36                      10
================================================================================
[2025-11-28T07:27:10.393+0000] {manager.py:997} INFO - 
================================================================================
DAG File Processing Stats

File Path                         PID    Runtime      # DAGs    # Errors  Last Runtime    Last Run               Last # of DB Queries
--------------------------------  -----  ---------  --------  ----------  --------------  -------------------  ----------------------
/opt/airflow/dags/testAirflow.py                           1           0  0.09s           2025-11-28T07:27:06                      10
================================================================================
[2025-11-28T07:27:26.312+0000] {manager.py:465} INFO - Exiting gracefully upon receiving signal 15
[2025-11-28T07:28:09.927+0000] {manager.py:483} INFO - Processing files using up to 2 processes at a time 
[2025-11-28T07:28:09.928+0000] {manager.py:484} INFO - Process each file at most once every 30 seconds
[2025-11-28T07:28:09.928+0000] {manager.py:485} INFO - Checking for new files in /opt/airflow/dags every 300 seconds
[2025-11-28T07:28:09.929+0000] {manager.py:821} INFO - Searching for files in /opt/airflow/dags
[2025-11-28T07:28:09.947+0000] {manager.py:824} INFO - There are 1 files in /opt/airflow/dags
[2025-11-28T07:28:10.003+0000] {manager.py:997} INFO - 
================================================================================
DAG File Processing Stats

File Path                           PID  Runtime      # DAGs    # Errors  Last Runtime    Last Run      Last # of DB Queries
--------------------------------  -----  ---------  --------  ----------  --------------  ----------  ----------------------
/opt/airflow/dags/testAirflow.py     41  0.02s             0           0                                                   0
================================================================================
[2025-11-28T07:28:39.248+0000] {manager.py:997} INFO - 
================================================================================
DAG File Processing Stats

File Path                         PID    Runtime      # DAGs    # Errors  Last Runtime    Last Run               Last # of DB Queries
--------------------------------  -----  ---------  --------  ----------  --------------  -------------------  ----------------------
/opt/airflow/dags/testAirflow.py                           1           0  0.74s           2025-11-28T07:28:10                      43
================================================================================
[2025-11-28T07:29:08.224+0000] {manager.py:997} INFO - 
================================================================================
DAG File Processing Stats

File Path                         PID    Runtime      # DAGs    # Errors  Last Runtime    Last Run               Last # of DB Queries
--------------------------------  -----  ---------  --------  ----------  --------------  -------------------  ----------------------
/opt/airflow/dags/testAirflow.py                           1           0  0.17s           2025-11-28T07:28:41                      10
================================================================================
[2025-11-28T07:29:37.377+0000] {manager.py:997} INFO - 
================================================================================
DAG File Processing Stats

File Path                         PID    Runtime      # DAGs    # Errors  Last Runtime    Last Run               Last # of DB Queries
--------------------------------  -----  ---------  --------  ----------  --------------  -------------------  ----------------------
/opt/airflow/dags/testAirflow.py                           1           0  0.21s           2025-11-28T07:29:11                      10
================================================================================
[2025-11-28T07:30:06.673+0000] {manager.py:997} INFO - 
================================================================================
DAG File Processing Stats

File Path                         PID    Runtime      # DAGs    # Errors  Last Runtime    Last Run               Last # of DB Queries
--------------------------------  -----  ---------  --------  ----------  --------------  -------------------  ----------------------
/opt/airflow/dags/testAirflow.py                           1           0  0.12s           2025-11-28T07:29:41                      10
================================================================================
[2025-11-28T07:30:35.898+0000] {manager.py:997} INFO - 
================================================================================
DAG File Processing Stats

File Path                         PID    Runtime      # DAGs    # Errors  Last Runtime    Last Run               Last # of DB Queries
--------------------------------  -----  ---------  --------  ----------  --------------  -------------------  ----------------------
/opt/airflow/dags/testAirflow.py                           1           0  0.13s           2025-11-28T07:30:11                      10
================================================================================
[2025-11-28T07:31:05.203+0000] {manager.py:997} INFO - 
================================================================================
DAG File Processing Stats

File Path                         PID    Runtime      # DAGs    # Errors  Last Runtime    Last Run               Last # of DB Queries
--------------------------------  -----  ---------  --------  ----------  --------------  -------------------  ----------------------
/opt/airflow/dags/testAirflow.py                           1           0  0.17s           2025-11-28T07:30:42                      10
================================================================================
[2025-11-28T07:31:34.511+0000] {manager.py:997} INFO - 
================================================================================
DAG File Processing Stats

File Path                         PID    Runtime      # DAGs    # Errors  Last Runtime    Last Run               Last # of DB Queries
--------------------------------  -----  ---------  --------  ----------  --------------  -------------------  ----------------------
/opt/airflow/dags/testAirflow.py                           1           0  0.11s           2025-11-28T07:31:12                      10
================================================================================
[2025-11-28T07:32:03.797+0000] {manager.py:997} INFO - 
================================================================================
DAG File Processing Stats

File Path                         PID    Runtime      # DAGs    # Errors  Last Runtime    Last Run               Last # of DB Queries
--------------------------------  -----  ---------  --------  ----------  --------------  -------------------  ----------------------
/opt/airflow/dags/testAirflow.py                           1           0  0.12s           2025-11-28T07:31:42                      10
================================================================================
[2025-11-28T07:32:33.027+0000] {manager.py:997} INFO - 
================================================================================
DAG File Processing Stats

File Path                         PID    Runtime      # DAGs    # Errors  Last Runtime    Last Run               Last # of DB Queries
--------------------------------  -----  ---------  --------  ----------  --------------  -------------------  ----------------------
/opt/airflow/dags/testAirflow.py                           1           0  0.17s           2025-11-28T07:32:13                      10
================================================================================
[2025-11-28T07:33:02.292+0000] {manager.py:997} INFO - 
================================================================================
DAG File Processing Stats

File Path                         PID    Runtime      # DAGs    # Errors  Last Runtime    Last Run               Last # of DB Queries
--------------------------------  -----  ---------  --------  ----------  --------------  -------------------  ----------------------
/opt/airflow/dags/testAirflow.py                           1           0  0.11s           2025-11-28T07:32:43                      10
================================================================================
[2025-11-28T07:33:10.348+0000] {manager.py:821} INFO - Searching for files in /opt/airflow/dags
[2025-11-28T07:33:10.368+0000] {manager.py:824} INFO - There are 1 files in /opt/airflow/dags
[2025-11-28T07:33:31.494+0000] {manager.py:997} INFO - 
================================================================================
DAG File Processing Stats

File Path                         PID    Runtime      # DAGs    # Errors  Last Runtime    Last Run               Last # of DB Queries
--------------------------------  -----  ---------  --------  ----------  --------------  -------------------  ----------------------
/opt/airflow/dags/testAirflow.py                           1           0  0.98s           2025-11-28T07:33:14                      10
================================================================================
[2025-11-28T07:34:00.735+0000] {manager.py:997} INFO - 
================================================================================
DAG File Processing Stats

File Path                         PID    Runtime      # DAGs    # Errors  Last Runtime    Last Run               Last # of DB Queries
--------------------------------  -----  ---------  --------  ----------  --------------  -------------------  ----------------------
/opt/airflow/dags/testAirflow.py                           1           0  0.47s           2025-11-28T07:33:45                      10
================================================================================
[2025-11-28T07:34:30.300+0000] {manager.py:997} INFO - 
================================================================================
DAG File Processing Stats

File Path                         PID    Runtime      # DAGs    # Errors  Last Runtime    Last Run               Last # of DB Queries
--------------------------------  -----  ---------  --------  ----------  --------------  -------------------  ----------------------
/opt/airflow/dags/testAirflow.py                           1           0  0.09s           2025-11-28T07:34:15                      10
================================================================================
[2025-11-28T07:34:59.557+0000] {manager.py:997} INFO - 
================================================================================
DAG File Processing Stats

File Path                         PID    Runtime      # DAGs    # Errors  Last Runtime    Last Run               Last # of DB Queries
--------------------------------  -----  ---------  --------  ----------  --------------  -------------------  ----------------------
/opt/airflow/dags/testAirflow.py                           1           0  0.12s           2025-11-28T07:34:45                      10
================================================================================
[2025-11-28T07:35:29.193+0000] {manager.py:997} INFO - 
================================================================================
DAG File Processing Stats

File Path                         PID    Runtime      # DAGs    # Errors  Last Runtime    Last Run               Last # of DB Queries
--------------------------------  -----  ---------  --------  ----------  --------------  -------------------  ----------------------
/opt/airflow/dags/testAirflow.py                           1           0  0.13s           2025-11-28T07:35:26                      10
================================================================================
[2025-11-28T07:35:58.523+0000] {manager.py:997} INFO - 
================================================================================
DAG File Processing Stats

File Path                         PID    Runtime      # DAGs    # Errors  Last Runtime    Last Run               Last # of DB Queries
--------------------------------  -----  ---------  --------  ----------  --------------  -------------------  ----------------------
/opt/airflow/dags/testAirflow.py                           1           0  0.16s           2025-11-28T07:35:30                      10
================================================================================
[2025-11-28T07:36:27.694+0000] {manager.py:997} INFO - 
================================================================================
DAG File Processing Stats

File Path                         PID    Runtime      # DAGs    # Errors  Last Runtime    Last Run               Last # of DB Queries
--------------------------------  -----  ---------  --------  ----------  --------------  -------------------  ----------------------
/opt/airflow/dags/testAirflow.py                           1           0  0.64s           2025-11-28T07:36:01                      10
================================================================================
[2025-11-28T07:36:56.928+0000] {manager.py:997} INFO - 
================================================================================
DAG File Processing Stats

File Path                         PID    Runtime      # DAGs    # Errors  Last Runtime    Last Run               Last # of DB Queries
--------------------------------  -----  ---------  --------  ----------  --------------  -------------------  ----------------------
/opt/airflow/dags/testAirflow.py                           1           0  0.56s           2025-11-28T07:36:31                      10
================================================================================
[2025-11-28T07:37:26.286+0000] {manager.py:997} INFO - 
================================================================================
DAG File Processing Stats

File Path                         PID    Runtime      # DAGs    # Errors  Last Runtime    Last Run               Last # of DB Queries
--------------------------------  -----  ---------  --------  ----------  --------------  -------------------  ----------------------
/opt/airflow/dags/testAirflow.py                           1           0  0.17s           2025-11-28T07:37:02                      10
================================================================================
[2025-11-28T07:37:55.503+0000] {manager.py:997} INFO - 
================================================================================
DAG File Processing Stats

File Path                         PID    Runtime      # DAGs    # Errors  Last Runtime    Last Run               Last # of DB Queries
--------------------------------  -----  ---------  --------  ----------  --------------  -------------------  ----------------------
/opt/airflow/dags/testAirflow.py                           1           0  0.11s           2025-11-28T07:37:32                      10
================================================================================
[2025-11-28T07:38:10.640+0000] {manager.py:821} INFO - Searching for files in /opt/airflow/dags
[2025-11-28T07:38:10.667+0000] {manager.py:824} INFO - There are 1 files in /opt/airflow/dags
[2025-11-28T07:38:11.154+0000] {manager.py:465} INFO - Exiting gracefully upon receiving signal 15
[2025-11-28T07:38:24.260+0000] {manager.py:483} INFO - Processing files using up to 2 processes at a time 
[2025-11-28T07:38:24.261+0000] {manager.py:484} INFO - Process each file at most once every 30 seconds
[2025-11-28T07:38:24.262+0000] {manager.py:485} INFO - Checking for new files in /opt/airflow/dags every 300 seconds
[2025-11-28T07:38:24.262+0000] {manager.py:821} INFO - Searching for files in /opt/airflow/dags
[2025-11-28T07:38:24.284+0000] {manager.py:824} INFO - There are 1 files in /opt/airflow/dags
[2025-11-28T07:38:24.357+0000] {manager.py:997} INFO - 
================================================================================
DAG File Processing Stats

File Path                           PID  Runtime      # DAGs    # Errors  Last Runtime    Last Run      Last # of DB Queries
--------------------------------  -----  ---------  --------  ----------  --------------  ----------  ----------------------
/opt/airflow/dags/testAirflow.py     41  0.03s             0           0                                                   0
================================================================================
[2025-11-28T07:38:53.554+0000] {manager.py:997} INFO - 
================================================================================
DAG File Processing Stats

File Path                         PID    Runtime      # DAGs    # Errors  Last Runtime    Last Run               Last # of DB Queries
--------------------------------  -----  ---------  --------  ----------  --------------  -------------------  ----------------------
/opt/airflow/dags/testAirflow.py                           1           0  0.12s           2025-11-28T07:38:24                      10
================================================================================
[2025-11-28T07:39:22.294+0000] {manager.py:997} INFO - 
================================================================================
DAG File Processing Stats

File Path                         PID    Runtime      # DAGs    # Errors  Last Runtime    Last Run               Last # of DB Queries
--------------------------------  -----  ---------  --------  ----------  --------------  -------------------  ----------------------
/opt/airflow/dags/testAirflow.py                           1           0  0.10s           2025-11-28T07:38:54                      10
================================================================================
[2025-11-28T07:39:52.059+0000] {manager.py:997} INFO - 
================================================================================
DAG File Processing Stats

File Path                         PID    Runtime      # DAGs    # Errors  Last Runtime    Last Run               Last # of DB Queries
--------------------------------  -----  ---------  --------  ----------  --------------  -------------------  ----------------------
/opt/airflow/dags/testAirflow.py                           1           0  0.10s           2025-11-28T07:39:25                      10
================================================================================
[2025-11-28T07:40:21.344+0000] {manager.py:997} INFO - 
================================================================================
DAG File Processing Stats

File Path                         PID    Runtime      # DAGs    # Errors  Last Runtime    Last Run               Last # of DB Queries
--------------------------------  -----  ---------  --------  ----------  --------------  -------------------  ----------------------
/opt/airflow/dags/testAirflow.py                           1           0  0.10s           2025-11-28T07:39:56                      10
================================================================================
[2025-11-28T07:40:50.527+0000] {manager.py:997} INFO - 
================================================================================
DAG File Processing Stats

File Path                         PID    Runtime      # DAGs    # Errors  Last Runtime    Last Run               Last # of DB Queries
--------------------------------  -----  ---------  --------  ----------  --------------  -------------------  ----------------------
/opt/airflow/dags/testAirflow.py                           1           0  0.09s           2025-11-28T07:40:26                      10
================================================================================
[2025-11-28T07:41:19.875+0000] {manager.py:997} INFO - 
================================================================================
DAG File Processing Stats

File Path                         PID    Runtime      # DAGs    # Errors  Last Runtime    Last Run               Last # of DB Queries
--------------------------------  -----  ---------  --------  ----------  --------------  -------------------  ----------------------
/opt/airflow/dags/testAirflow.py                           1           0  0.10s           2025-11-28T07:40:56                      10
================================================================================
[2025-11-28T07:41:49.142+0000] {manager.py:997} INFO - 
================================================================================
DAG File Processing Stats

File Path                         PID    Runtime      # DAGs    # Errors  Last Runtime    Last Run               Last # of DB Queries
--------------------------------  -----  ---------  --------  ----------  --------------  -------------------  ----------------------
/opt/airflow/dags/testAirflow.py                           1           0  0.09s           2025-11-28T07:41:27                      10
================================================================================
[2025-11-28T07:42:18.530+0000] {manager.py:997} INFO - 
================================================================================
DAG File Processing Stats

File Path                         PID    Runtime      # DAGs    # Errors  Last Runtime    Last Run               Last # of DB Queries
--------------------------------  -----  ---------  --------  ----------  --------------  -------------------  ----------------------
/opt/airflow/dags/testAirflow.py                           1           0  0.34s           2025-11-28T07:41:57                      10
================================================================================
[2025-11-28T07:42:47.509+0000] {manager.py:997} INFO - 
================================================================================
DAG File Processing Stats

File Path                         PID    Runtime      # DAGs    # Errors  Last Runtime    Last Run               Last # of DB Queries
--------------------------------  -----  ---------  --------  ----------  --------------  -------------------  ----------------------
/opt/airflow/dags/testAirflow.py                           1           0  0.50s           2025-11-28T07:42:28                      10
================================================================================
[2025-11-28T07:43:16.808+0000] {manager.py:997} INFO - 
================================================================================
DAG File Processing Stats

File Path                         PID    Runtime      # DAGs    # Errors  Last Runtime    Last Run               Last # of DB Queries
--------------------------------  -----  ---------  --------  ----------  --------------  -------------------  ----------------------
/opt/airflow/dags/testAirflow.py                           1           0  0.28s           2025-11-28T07:42:58                      10
================================================================================
[2025-11-28T07:43:24.870+0000] {manager.py:821} INFO - Searching for files in /opt/airflow/dags
[2025-11-28T07:43:24.917+0000] {manager.py:824} INFO - There are 1 files in /opt/airflow/dags
[2025-11-28T07:43:45.841+0000] {manager.py:997} INFO - 
================================================================================
DAG File Processing Stats

File Path                         PID    Runtime      # DAGs    # Errors  Last Runtime    Last Run               Last # of DB Queries
--------------------------------  -----  ---------  --------  ----------  --------------  -------------------  ----------------------
/opt/airflow/dags/testAirflow.py                           1           0  0.60s           2025-11-28T07:43:29                      10
================================================================================
[2025-11-28T07:44:15.208+0000] {manager.py:997} INFO - 
================================================================================
DAG File Processing Stats

File Path                         PID    Runtime      # DAGs    # Errors  Last Runtime    Last Run               Last # of DB Queries
--------------------------------  -----  ---------  --------  ----------  --------------  -------------------  ----------------------
/opt/airflow/dags/testAirflow.py                           1           0  0.11s           2025-11-28T07:44:00                      10
================================================================================
[2025-11-28T07:44:44.518+0000] {manager.py:997} INFO - 
================================================================================
DAG File Processing Stats

File Path                         PID    Runtime      # DAGs    # Errors  Last Runtime    Last Run               Last # of DB Queries
--------------------------------  -----  ---------  --------  ----------  --------------  -------------------  ----------------------
/opt/airflow/dags/testAirflow.py                           1           0  0.11s           2025-11-28T07:44:30                      10
================================================================================
[2025-11-28T07:45:13.846+0000] {manager.py:997} INFO - 
================================================================================
DAG File Processing Stats

File Path                         PID    Runtime      # DAGs    # Errors  Last Runtime    Last Run               Last # of DB Queries
--------------------------------  -----  ---------  --------  ----------  --------------  -------------------  ----------------------
/opt/airflow/dags/testAirflow.py                           1           0  0.34s           2025-11-28T07:45:01                      10
================================================================================
[2025-11-28T07:45:43.469+0000] {manager.py:997} INFO - 
================================================================================
DAG File Processing Stats

File Path                         PID    Runtime      # DAGs    # Errors  Last Runtime    Last Run               Last # of DB Queries
--------------------------------  -----  ---------  --------  ----------  --------------  -------------------  ----------------------
/opt/airflow/dags/testAirflow.py                           1           0  0.17s           2025-11-28T07:45:31                      10
================================================================================
[2025-11-28T07:46:12.753+0000] {manager.py:997} INFO - 
================================================================================
DAG File Processing Stats

File Path                         PID    Runtime      # DAGs    # Errors  Last Runtime    Last Run               Last # of DB Queries
--------------------------------  -----  ---------  --------  ----------  --------------  -------------------  ----------------------
/opt/airflow/dags/testAirflow.py                           1           0  0.17s           2025-11-28T07:46:01                      10
================================================================================
[2025-11-28T07:46:42.083+0000] {manager.py:997} INFO - 
================================================================================
DAG File Processing Stats

File Path                         PID    Runtime      # DAGs    # Errors  Last Runtime    Last Run               Last # of DB Queries
--------------------------------  -----  ---------  --------  ----------  --------------  -------------------  ----------------------
/opt/airflow/dags/testAirflow.py                           1           0  0.11s           2025-11-28T07:46:32                      10
================================================================================
[2025-11-28T07:47:11.310+0000] {manager.py:997} INFO - 
================================================================================
DAG File Processing Stats

File Path                         PID    Runtime      # DAGs    # Errors  Last Runtime    Last Run               Last # of DB Queries
--------------------------------  -----  ---------  --------  ----------  --------------  -------------------  ----------------------
/opt/airflow/dags/testAirflow.py                           1           0  0.15s           2025-11-28T07:47:02                      10
================================================================================
[2025-11-28T07:47:40.585+0000] {manager.py:997} INFO - 
================================================================================
DAG File Processing Stats

File Path                         PID    Runtime      # DAGs    # Errors  Last Runtime    Last Run               Last # of DB Queries
--------------------------------  -----  ---------  --------  ----------  --------------  -------------------  ----------------------
/opt/airflow/dags/testAirflow.py                           1           0  0.12s           2025-11-28T07:47:32                      10
================================================================================
[2025-11-28T07:48:09.901+0000] {manager.py:997} INFO - 
================================================================================
DAG File Processing Stats

File Path                         PID    Runtime      # DAGs    # Errors  Last Runtime    Last Run               Last # of DB Queries
--------------------------------  -----  ---------  --------  ----------  --------------  -------------------  ----------------------
/opt/airflow/dags/testAirflow.py                           1           0  0.11s           2025-11-28T07:48:02                      10
================================================================================
[2025-11-28T07:48:24.991+0000] {manager.py:821} INFO - Searching for files in /opt/airflow/dags
[2025-11-28T07:48:25.008+0000] {manager.py:824} INFO - There are 1 files in /opt/airflow/dags
[2025-11-28T07:48:39.383+0000] {manager.py:997} INFO - 
================================================================================
DAG File Processing Stats

File Path                         PID    Runtime      # DAGs    # Errors  Last Runtime    Last Run               Last # of DB Queries
--------------------------------  -----  ---------  --------  ----------  --------------  -------------------  ----------------------
/opt/airflow/dags/testAirflow.py                           1           0  0.10s           2025-11-28T07:48:33                      10
================================================================================
[2025-11-28T07:49:08.660+0000] {manager.py:997} INFO - 
================================================================================
DAG File Processing Stats

File Path                         PID    Runtime      # DAGs    # Errors  Last Runtime    Last Run               Last # of DB Queries
--------------------------------  -----  ---------  --------  ----------  --------------  -------------------  ----------------------
/opt/airflow/dags/testAirflow.py                           1           0  0.12s           2025-11-28T07:49:03                      10
================================================================================
[2025-11-28T07:49:37.929+0000] {manager.py:997} INFO - 
================================================================================
DAG File Processing Stats

File Path                         PID    Runtime      # DAGs    # Errors  Last Runtime    Last Run               Last # of DB Queries
--------------------------------  -----  ---------  --------  ----------  --------------  -------------------  ----------------------
/opt/airflow/dags/testAirflow.py                           1           0  0.12s           2025-11-28T07:49:33                      10
================================================================================
[2025-11-28T07:50:07.202+0000] {manager.py:997} INFO - 
================================================================================
DAG File Processing Stats

File Path                         PID    Runtime      # DAGs    # Errors  Last Runtime    Last Run               Last # of DB Queries
--------------------------------  -----  ---------  --------  ----------  --------------  -------------------  ----------------------
/opt/airflow/dags/testAirflow.py                           1           0  0.13s           2025-11-28T07:50:04                      10
================================================================================
[2025-11-28T07:50:36.502+0000] {manager.py:997} INFO - 
================================================================================
DAG File Processing Stats

File Path                         PID    Runtime      # DAGs    # Errors  Last Runtime    Last Run               Last # of DB Queries
--------------------------------  -----  ---------  --------  ----------  --------------  -------------------  ----------------------
/opt/airflow/dags/testAirflow.py                           1           0  0.12s           2025-11-28T07:50:34                      10
================================================================================
[2025-11-28T07:51:05.756+0000] {manager.py:997} INFO - 
================================================================================
DAG File Processing Stats

File Path                         PID    Runtime      # DAGs    # Errors  Last Runtime    Last Run               Last # of DB Queries
--------------------------------  -----  ---------  --------  ----------  --------------  -------------------  ----------------------
/opt/airflow/dags/testAirflow.py                           1           0  0.09s           2025-11-28T07:51:04                      10
================================================================================
[2025-11-28T07:51:34.988+0000] {manager.py:997} INFO - 
================================================================================
DAG File Processing Stats

File Path                           PID  Runtime      # DAGs    # Errors  Last Runtime    Last Run               Last # of DB Queries
--------------------------------  -----  ---------  --------  ----------  --------------  -------------------  ----------------------
/opt/airflow/dags/testAirflow.py     67  0.01s             1           0  0.09s           2025-11-28T07:51:04                      10
================================================================================
[2025-11-28T07:52:04.367+0000] {manager.py:997} INFO - 
================================================================================
DAG File Processing Stats

File Path                         PID    Runtime      # DAGs    # Errors  Last Runtime    Last Run               Last # of DB Queries
--------------------------------  -----  ---------  --------  ----------  --------------  -------------------  ----------------------
/opt/airflow/dags/testAirflow.py                           1           0  0.09s           2025-11-28T07:51:35                      10
================================================================================
[2025-11-28T07:52:33.745+0000] {manager.py:997} INFO - 
================================================================================
DAG File Processing Stats

File Path                         PID    Runtime      # DAGs    # Errors  Last Runtime    Last Run               Last # of DB Queries
--------------------------------  -----  ---------  --------  ----------  --------------  -------------------  ----------------------
/opt/airflow/dags/testAirflow.py                           1           0  0.10s           2025-11-28T07:52:05                      10
================================================================================
[2025-11-28T07:53:02.977+0000] {manager.py:997} INFO - 
================================================================================
DAG File Processing Stats

File Path                         PID    Runtime      # DAGs    # Errors  Last Runtime    Last Run               Last # of DB Queries
--------------------------------  -----  ---------  --------  ----------  --------------  -------------------  ----------------------
/opt/airflow/dags/testAirflow.py                           1           0  0.09s           2025-11-28T07:52:35                      10
================================================================================
[2025-11-28T07:53:25.109+0000] {manager.py:821} INFO - Searching for files in /opt/airflow/dags
[2025-11-28T07:53:25.179+0000] {manager.py:824} INFO - There are 1 files in /opt/airflow/dags
[2025-11-28T07:53:32.245+0000] {manager.py:997} INFO - 
================================================================================
DAG File Processing Stats

File Path                         PID    Runtime      # DAGs    # Errors  Last Runtime    Last Run               Last # of DB Queries
--------------------------------  -----  ---------  --------  ----------  --------------  -------------------  ----------------------
/opt/airflow/dags/testAirflow.py                           1           0  0.09s           2025-11-28T07:53:06                      10
================================================================================
[2025-11-28T07:54:01.535+0000] {manager.py:997} INFO - 
================================================================================
DAG File Processing Stats

File Path                         PID    Runtime      # DAGs    # Errors  Last Runtime    Last Run               Last # of DB Queries
--------------------------------  -----  ---------  --------  ----------  --------------  -------------------  ----------------------
/opt/airflow/dags/testAirflow.py                           1           0  0.10s           2025-11-28T07:53:36                      10
================================================================================
[2025-11-28T07:54:30.902+0000] {manager.py:997} INFO - 
================================================================================
DAG File Processing Stats

File Path                         PID    Runtime      # DAGs    # Errors  Last Runtime    Last Run               Last # of DB Queries
--------------------------------  -----  ---------  --------  ----------  --------------  -------------------  ----------------------
/opt/airflow/dags/testAirflow.py                           1           0  0.10s           2025-11-28T07:54:06                      10
================================================================================
[2025-11-28T07:55:00.125+0000] {manager.py:997} INFO - 
================================================================================
DAG File Processing Stats

File Path                         PID    Runtime      # DAGs    # Errors  Last Runtime    Last Run               Last # of DB Queries
--------------------------------  -----  ---------  --------  ----------  --------------  -------------------  ----------------------
/opt/airflow/dags/testAirflow.py                           1           0  0.09s           2025-11-28T07:54:37                      10
================================================================================
[2025-11-28T07:55:20.760+0000] {manager.py:465} INFO - Exiting gracefully upon receiving signal 15
